<?xml version="1.0" encoding="UTF-8"?>
<!-- Generated by org.testng.reporters.JUnitReportReporter -->
<testsuite hostname="PC-1414" failures="0" tests="3" name="selenium.WelcomeTest" time="10.184" errors="0" timestamp="2024-09-17T17:55:14 EEST" skipped="0">
  <testcase classname="selenium.WelcomeTest" name="testSinglePlayer" time="3.726"/>
  <testcase classname="selenium.WelcomeTest" name="testHistory" time="3.214"/>
  <testcase classname="selenium.WelcomeTest" name="testMultiPlayer" time="3.244"/>
</testsuite> <!-- selenium.WelcomeTest -->
