<?xml version="1.0" encoding="UTF-8"?>
<!-- Generated by org.testng.reporters.JUnitReportReporter -->
<testsuite hostname="PC-1414" failures="0" tests="4" name="selenium.MultiPlayerTest" time="13.261" errors="0" timestamp="2024-09-16T15:10:48 EEST" skipped="0">
  <testcase classname="selenium.MultiPlayerTest" name="testSendWordAndCategoryEmpty" time="4.532"/>
  <testcase classname="selenium.MultiPlayerTest" name="testSendWordAndCategoryFail" time="3.936"/>
  <testcase classname="selenium.MultiPlayerTest" name="testBackToHome" time="1.243"/>
  <testcase classname="selenium.MultiPlayerTest" name="testSendWordAndCategory" time="3.550"/>
</testsuite> <!-- selenium.MultiPlayerTest -->
