<?xml version="1.0" encoding="UTF-8"?>
<!-- Generated by org.testng.reporters.JUnitReportReporter -->
<testsuite hostname="PC-1414" failures="0" tests="1" name="selenium.MultiPlayerStartedTest" time="6.553" errors="0" timestamp="2024-09-16T15:19:31 EEST" skipped="0">
  <testcase classname="selenium.MultiPlayerStartedTest" name="testWordMakeTryFail" time="6.553"/>
</testsuite> <!-- selenium.MultiPlayerStartedTest -->
