<?xml version="1.0" encoding="UTF-8"?>
<!-- Generated by org.testng.reporters.JUnitReportReporter -->
<testsuite hostname="PC-1414" failures="0" tests="1" name="selenium.MultiPlayerTest" time="3.898" errors="0" timestamp="2024-09-16T10:30:39 EEST" skipped="0">
  <testcase classname="selenium.MultiPlayerTest" name="testSendWordAndCategoryFail" time="3.898"/>
</testsuite> <!-- selenium.MultiPlayerTest -->
