<?xml version="1.0" encoding="UTF-8"?>
<!-- Generated by org.testng.reporters.JUnitReportReporter -->
<testsuite hostname="PC-1414" failures="0" tests="3" name="selenium.MultiPlayerStartedTest" time="15.742" errors="0" timestamp="2024-09-17T17:54:25 EEST" skipped="0">
  <testcase classname="selenium.MultiPlayerStartedTest" name="testWordMakeTry" time="5.428"/>
  <testcase classname="selenium.MultiPlayerStartedTest" name="testWordDisplayedAndBackToHome" time="3.447"/>
  <testcase classname="selenium.MultiPlayerStartedTest" name="testWordMakeTryFail" time="6.867"/>
</testsuite> <!-- selenium.MultiPlayerStartedTest -->
