<?xml version="1.0" encoding="UTF-8"?>
<!-- Generated by org.testng.reporters.JUnitReportReporter -->
<testsuite hostname="PC-1414" failures="0" tests="3" name="selenium.MultiPlayerStartedTest" time="15.473" errors="0" timestamp="2024-09-19T15:46:13 EEST" skipped="0">
  <testcase classname="selenium.MultiPlayerStartedTest" name="testWordMakeTry" time="5.620"/>
  <testcase classname="selenium.MultiPlayerStartedTest" name="testWordDisplayedAndBackToHome" time="4.187"/>
  <testcase classname="selenium.MultiPlayerStartedTest" name="testWordMakeTryFail" time="5.666"/>
</testsuite> <!-- selenium.MultiPlayerStartedTest -->
