<?xml version="1.0" encoding="UTF-8"?>
<!-- Generated by org.testng.reporters.JUnitReportReporter -->
<testsuite hostname="PC-1414" failures="0" tests="3" name="selenium.WelcomeTest" time="10.573" errors="0" timestamp="2024-09-16T10:29:36 EEST" skipped="0">
  <testcase classname="selenium.WelcomeTest" name="testHistory" time="3.467"/>
  <testcase classname="selenium.WelcomeTest" name="testSinglePlayer" time="3.508"/>
  <testcase classname="selenium.WelcomeTest" name="testMultiPlayer" time="3.598"/>
</testsuite> <!-- selenium.WelcomeTest -->
