<?xml version="1.0" encoding="UTF-8"?>
<!-- Generated by org.testng.reporters.JUnitReportReporter -->
<testsuite hostname="PC-1414" failures="0" tests="3" name="selenium.WelcomeTest" time="11.210" errors="0" timestamp="2024-09-19T15:38:35 EEST" skipped="0">
  <testcase classname="selenium.WelcomeTest" name="testSinglePlayer" time="4.410"/>
  <testcase classname="selenium.WelcomeTest" name="testHistory" time="3.339"/>
  <testcase classname="selenium.WelcomeTest" name="testMultiPlayer" time="3.461"/>
</testsuite> <!-- selenium.WelcomeTest -->
