<?xml version="1.0" encoding="UTF-8"?>
<!-- Generated by org.testng.reporters.JUnitReportReporter -->
<testsuite hostname="PC-1414" failures="0" tests="3" name="selenium.WelcomeTest" time="13.196" errors="0" timestamp="2024-09-16T10:54:41 EEST" skipped="0">
  <testcase classname="selenium.WelcomeTest" name="testMultiPlayer" time="4.575"/>
  <testcase classname="selenium.WelcomeTest" name="testSinglePlayer" time="4.477"/>
  <testcase classname="selenium.WelcomeTest" name="testHistory" time="4.144"/>
</testsuite> <!-- selenium.WelcomeTest -->
